<?xml version="1.0" encoding="UTF-8"?>
<testng-results skipped="0" failed="1" ignored="0" total="2" passed="1">
  <reporter-output>
  </reporter-output>
  <suite name="Default suite" duration-ms="37388" started-at="2019-04-10T11:15:25Z" finished-at="2019-04-10T11:16:03Z">
    <groups>
    </groups>
    <test name="Default test" duration-ms="37388" started-at="2019-04-10T11:15:25Z" finished-at="2019-04-10T11:16:03Z">
      <class name="org.selenium.qa.testcases.LoginPageTest">
        <test-method status="PASS" signature="intialize()[pri:0, instance:org.selenium.qa.testcases.LoginPageTest@3e6fa38a]" name="intialize" is-config="true" duration-ms="13796" started-at="2019-04-10T16:45:25Z" finished-at="2019-04-10T16:45:39Z">
          <reporter-output>
          </reporter-output>
        </test-method> <!-- intialize -->
        <test-method status="FAIL" signature="verifyPassword()[pri:0, instance:org.selenium.qa.testcases.LoginPageTest@3e6fa38a]" name="verifyPassword" duration-ms="21932" started-at="2019-04-10T16:45:39Z" finished-at="2019-04-10T16:46:01Z">
          <exception class="java.lang.AssertionError">
            <message>
              <![CDATA[Test Case failed expected [true] but found [false]]]>
            </message>
            <full-stacktrace>
              <![CDATA[java.lang.AssertionError: Test Case failed expected [true] but found [false]
	at org.testng.Assert.fail(Assert.java:93)
	at org.testng.Assert.failNotEquals(Assert.java:512)
	at org.testng.Assert.assertTrue(Assert.java:41)
	at org.selenium.qa.testcases.LoginPageTest.verifyPassword(LoginPageTest.java:148)
	at sun.reflect.NativeMethodAccessorImpl.invoke0(Native Method)
	at sun.reflect.NativeMethodAccessorImpl.invoke(NativeMethodAccessorImpl.java:62)
	at sun.reflect.DelegatingMethodAccessorImpl.invoke(DelegatingMethodAccessorImpl.java:43)
	at java.lang.reflect.Method.invoke(Method.java:498)
	at org.testng.internal.MethodInvocationHelper.invokeMethod(MethodInvocationHelper.java:108)
	at org.testng.internal.Invoker.invokeMethod(Invoker.java:661)
	at org.testng.internal.Invoker.invokeTestMethod(Invoker.java:869)
	at org.testng.internal.Invoker.invokeTestMethods(Invoker.java:1193)
	at org.testng.internal.TestMethodWorker.invokeTestMethods(TestMethodWorker.java:126)
	at org.testng.internal.TestMethodWorker.run(TestMethodWorker.java:109)
	at org.testng.TestRunner.privateRun(TestRunner.java:744)
	at org.testng.TestRunner.run(TestRunner.java:602)
	at org.testng.SuiteRunner.runTest(SuiteRunner.java:380)
	at org.testng.SuiteRunner.runSequentially(SuiteRunner.java:375)
	at org.testng.SuiteRunner.privateRun(SuiteRunner.java:340)
	at org.testng.SuiteRunner.run(SuiteRunner.java:289)
	at org.testng.SuiteRunnerWorker.runSuite(SuiteRunnerWorker.java:52)
	at org.testng.SuiteRunnerWorker.run(SuiteRunnerWorker.java:86)
	at org.testng.TestNG.runSuitesSequentially(TestNG.java:1301)
	at org.testng.TestNG.runSuitesLocally(TestNG.java:1226)
	at org.testng.TestNG.runSuites(TestNG.java:1144)
	at org.testng.TestNG.run(TestNG.java:1115)
	at org.testng.remote.AbstractRemoteTestNG.run(AbstractRemoteTestNG.java:114)
	at org.testng.remote.RemoteTestNG.initAndRun(RemoteTestNG.java:251)
	at org.testng.remote.RemoteTestNG.main(RemoteTestNG.java:77)
]]>
            </full-stacktrace>
          </exception> <!-- java.lang.AssertionError -->
          <reporter-output>
          </reporter-output>
        </test-method> <!-- verifyPassword -->
        <test-method status="PASS" signature="verifyUsername()[pri:0, instance:org.selenium.qa.testcases.LoginPageTest@3e6fa38a]" name="verifyUsername" duration-ms="1545" started-at="2019-04-10T16:46:01Z" finished-at="2019-04-10T16:46:03Z">
          <reporter-output>
          </reporter-output>
        </test-method> <!-- verifyUsername -->
        <test-method status="PASS" signature="close()[pri:0, instance:org.selenium.qa.testcases.LoginPageTest@3e6fa38a]" name="close" is-config="true" duration-ms="87" started-at="2019-04-10T16:46:03Z" finished-at="2019-04-10T16:46:03Z">
          <reporter-output>
          </reporter-output>
        </test-method> <!-- close -->
      </class> <!-- org.selenium.qa.testcases.LoginPageTest -->
    </test> <!-- Default test -->
  </suite> <!-- Default suite -->
</testng-results>
